[debug] [2022-03-02T09:44:27.090Z] ----------------------------------------------------------------------
[debug] [2022-03-02T09:44:27.094Z] Command:       C:\Program Files\nodejs\node.exe C:\Users\valec\AppData\Roaming\npm\node_modules\firebase-tools\lib\bin\firebase.js init
[debug] [2022-03-02T09:44:27.095Z] CLI Version:   10.2.1
[debug] [2022-03-02T09:44:27.095Z] Platform:      win32
[debug] [2022-03-02T09:44:27.095Z] Node Version:  v16.13.2
[debug] [2022-03-02T09:44:27.098Z] Time:          Wed Mar 02 2022 11:44:27 GMT+0200 (hora estándar de Israel)
[debug] [2022-03-02T09:44:27.099Z] ----------------------------------------------------------------------
[debug] 
[debug] [2022-03-02T09:44:27.117Z] > command requires scopes: ["email","openid","https://www.googleapis.com/auth/cloudplatformprojects.readonly","https://www.googleapis.com/auth/firebase","https://www.googleapis.com/auth/cloud-platform"]
[debug] [2022-03-02T09:44:27.118Z] > authorizing via signed-in user (valecherni@gmail.com)
[info] 
     ######## #### ########  ######## ########     ###     ######  ########
     ##        ##  ##     ## ##       ##     ##  ##   ##  ##       ##
     ######    ##  ########  ######   ########  #########  ######  ######
     ##        ##  ##    ##  ##       ##     ## ##     ##       ## ##
     ##       #### ##     ## ######## ########  ##     ##  ######  ########

You're about to initialize a Firebase project in this directory:

  C:\Users\valec\OneDrive\Escritorio\react-project-2---microblogging-ValeCHH\microblogging

[info] 
=== Project Setup
[info] 
[info] First, let's associate this project directory with a Firebase project.
[info] You can create multiple project aliases by running firebase use --add, 
[info] but for now we'll just set up a default project.
[info] 
[debug] [2022-03-02T09:47:27.505Z] >>> [apiv2][query] GET https://firebase.googleapis.com/v1beta1/projects pageSize=100
[debug] [2022-03-02T09:47:28.101Z] <<< [apiv2][status] GET https://firebase.googleapis.com/v1beta1/projects 200
[debug] [2022-03-02T09:47:28.102Z] <<< [apiv2][body] GET https://firebase.googleapis.com/v1beta1/projects [omitted]
[info] i  Using project mytweets-1234 (MyTweets) 
[info] 
=== Hosting Setup
[info] 
[info] Your public directory is the folder (relative to your project directory) that
[info] will contain Hosting assets to be uploaded with firebase deploy. If you
[info] have a build process for your assets, use your build's output directory.
[info] 
[debug] [2022-03-02T09:48:31.199Z] >>> [apiv2][query] GET https://www.gstatic.com/firebasejs/releases.json [none]
[debug] [2022-03-02T09:48:31.510Z] <<< [apiv2][status] GET https://www.gstatic.com/firebasejs/releases.json 200
[debug] [2022-03-02T09:48:31.511Z] <<< [apiv2][body] GET https://www.gstatic.com/firebasejs/releases.json {"current":{"version":"9.6.7","browserURL":"https://www.gstatic.com/firebasejs/9.6.7/firebase.js","packageURL":"https://www.gstatic.com/firebasejs/9.6.7/firebase.tgz"},"live":{"version":"9.6","browserURL":"https://www.gstatic.com/firebasejs/live/9.6/firebase.js","packageURL":"https://www.gstatic.com/firebasejs/live/9.6/firebase.tgz"},"components":{"analytics":"https://www.gstatic.com/firebasejs/9.6.7/firebase-analytics.js","app":"https://www.gstatic.com/firebasejs/9.6.7/firebase-app.js","app-check":"https://www.gstatic.com/firebasejs/9.6.7/firebase-app-check.js","auth":"https://www.gstatic.com/firebasejs/9.6.7/firebase-auth.js","auth/cordova":"https://www.gstatic.com/firebasejs/9.6.7/firebase-auth/cordova.js","auth/react-native":"https://www.gstatic.com/firebasejs/9.6.7/firebase-auth/react-native.js","functions":"https://www.gstatic.com/firebasejs/9.6.7/firebase-functions.js","firestore":"https://www.gstatic.com/firebasejs/9.6.7/firebase-firestore.js","firestore/lite":"https://www.gstatic.com/firebasejs/9.6.7/firebase-firestore/lite.js","storage":"https://www.gstatic.com/firebasejs/9.6.7/firebase-storage.js","performance":"https://www.gstatic.com/firebasejs/9.6.7/firebase-performance.js","remote-config":"https://www.gstatic.com/firebasejs/9.6.7/firebase-remote-config.js","messaging":"https://www.gstatic.com/firebasejs/9.6.7/firebase-messaging.js","messaging/sw":"https://www.gstatic.com/firebasejs/9.6.7/firebase-messaging/sw.js","database":"https://www.gstatic.com/firebasejs/9.6.7/firebase-database.js","firestore.memory":"https://www.gstatic.com/firebasejs/9.6.7/firebase-firestore.memory.js"}}
[info] +  Wrote SRC/index.html 
[info] 
[info] i  Detected a .git folder at C:\Users\valec\OneDrive\Escritorio\react-project-2---microblogging-ValeCHH 
[info] i  Authorizing with GitHub to upload your service account to a GitHub repository's secrets store. 
[info] 
[info] Visit this URL on this device to log in:
[info] https://github.com/login/oauth/authorize?client_id=89cf50f02ac6aaed3484&state=163558333&redirect_uri=http%3A%2F%2Flocalhost%3A9005&scope=read%3Auser%20repo%20public_repo
[info] 
[info] Waiting for authentication...
[debug] [2022-03-02T09:48:51.205Z] >>> HTTP REQUEST POST https://github.com/login/oauth/access_token  
 {"client_id":"89cf50f02ac6aaed3484","client_secret":"3330d14abc895d9a74d5f17cd7a00711fa2c5bf0","code":"833643f4f9233c3fb787","redirect_uri":"http://localhost:9005","state":"163558333"}
[debug] [2022-03-02T09:48:52.177Z] <<< HTTP RESPONSE 200 {"server":"GitHub.com","date":"Wed, 02 Mar 2022 09:48:52 GMT","content-type":"application/json; charset=utf-8","transfer-encoding":"chunked","vary":"X-PJAX, X-PJAX-Container, Accept-Encoding, Accept, X-Requested-With","permissions-policy":"interest-cohort=()","etag":"W/\"0da76033d04d2e09a72657db6b0e0a08\"","cache-control":"max-age=0, private, must-revalidate","strict-transport-security":"max-age=31536000; includeSubdomains; preload","x-frame-options":"deny","x-content-type-options":"nosniff","x-xss-protection":"0","referrer-policy":"origin-when-cross-origin, strict-origin-when-cross-origin","expect-ct":"max-age=2592000, report-uri=\"https://api.github.com/_private/browser/errors\"","content-security-policy":"default-src 'none'; base-uri 'self'; block-all-mixed-content; child-src github.com/assets-cdn/worker/ gist.github.com/assets-cdn/worker/; connect-src 'self' uploads.github.com objects-origin.githubusercontent.com www.githubstatus.com collector.githubapp.com collector.github.com api.github.com github-cloud.s3.amazonaws.com github-production-repository-file-5c1aeb.s3.amazonaws.com github-production-upload-manifest-file-7fdce7.s3.amazonaws.com github-production-user-asset-6210df.s3.amazonaws.com cdn.optimizely.com logx.optimizely.com/v1/events translator.github.com wss://alive.github.com; font-src github.githubassets.com; form-action 'self' github.com gist.github.com objects-origin.githubusercontent.com; frame-ancestors 'none'; frame-src render.githubusercontent.com viewscreen.githubusercontent.com notebooks.githubusercontent.com; img-src 'self' data: github.githubassets.com identicons.github.com collector.githubapp.com collector.github.com github-cloud.s3.amazonaws.com secured-user-images.githubusercontent.com/ *.githubusercontent.com; manifest-src 'self'; media-src github.com user-images.githubusercontent.com/; script-src github.githubassets.com; style-src 'unsafe-inline' github.githubassets.com; worker-src github.com/assets-cdn/worker/ gist.github.com/assets-cdn/worker/","x-github-request-id":"FFCC:4446:5A0562:63F5FC:621F3D83"}
[debug] [2022-03-02T09:48:52.211Z] >>> [apiv2][query] GET https://api.github.com/user [none]
[debug] [2022-03-02T09:48:52.585Z] <<< [apiv2][status] GET https://api.github.com/user 200
[debug] [2022-03-02T09:48:52.585Z] <<< [apiv2][body] GET https://api.github.com/user {"login":"ValeCHH","id":93483575,"node_id":"U_kgDOBZJyNw","avatar_url":"https://avatars.githubusercontent.com/u/93483575?v=4","gravatar_id":"","url":"https://api.github.com/users/ValeCHH","html_url":"https://github.com/ValeCHH","followers_url":"https://api.github.com/users/ValeCHH/followers","following_url":"https://api.github.com/users/ValeCHH/following{/other_user}","gists_url":"https://api.github.com/users/ValeCHH/gists{/gist_id}","starred_url":"https://api.github.com/users/ValeCHH/starred{/owner}{/repo}","subscriptions_url":"https://api.github.com/users/ValeCHH/subscriptions","organizations_url":"https://api.github.com/users/ValeCHH/orgs","repos_url":"https://api.github.com/users/ValeCHH/repos","events_url":"https://api.github.com/users/ValeCHH/events{/privacy}","received_events_url":"https://api.github.com/users/ValeCHH/received_events","type":"User","site_admin":false,"name":"ValeChH","company":null,"blog":"","location":null,"email":null,"hireable":null,"bio":null,"twitter_username":null,"public_repos":6,"public_gists":0,"followers":0,"following":0,"created_at":"2021-10-31T15:53:59Z","updated_at":"2022-02-15T09:17:06Z","private_gists":0,"total_private_repos":0,"owned_private_repos":0,"disk_usage":6084,"collaborators":0,"two_factor_authentication":false,"plan":{"name":"free","space":976562499,"collaborators":0,"private_repos":10000}}
[info] 
[info] +  Success! Logged into GitHub as ValeCHH 
[info] 
[debug] [2022-03-02T09:49:03.939Z] >>> [apiv2][query] GET https://api.github.com/repos//actions/secrets/public-key type=owner
[debug] [2022-03-02T09:49:04.250Z] <<< [apiv2][status] GET https://api.github.com/repos//actions/secrets/public-key 404
[debug] [2022-03-02T09:49:04.250Z] <<< [apiv2][body] GET https://api.github.com/repos//actions/secrets/public-key {"message":"Not Found","documentation_url":"https://docs.github.com/rest"}
[debug] [2022-03-02T09:50:34.872Z] >>> [apiv2][query] GET https://api.github.com/repos/israeltechchallenge/react-project-2---microblogging-ValeCHH.git/actions/secrets/public-key type=owner
[debug] [2022-03-02T09:50:35.202Z] <<< [apiv2][status] GET https://api.github.com/repos/israeltechchallenge/react-project-2---microblogging-ValeCHH.git/actions/secrets/public-key 404
[debug] [2022-03-02T09:50:35.203Z] <<< [apiv2][body] GET https://api.github.com/repos/israeltechchallenge/react-project-2---microblogging-ValeCHH.git/actions/secrets/public-key {"message":"Not Found","documentation_url":"https://docs.github.com/rest/reference/actions#get-a-repository-public-key"}
[debug] [2022-03-02T09:50:40.106Z] >>> [apiv2][query] GET https://api.github.com/repos/israeltechchallenge/react-project-2---microblogging-ValeCHH.git/actions/secrets/public-key type=owner
[debug] [2022-03-02T09:50:40.441Z] <<< [apiv2][status] GET https://api.github.com/repos/israeltechchallenge/react-project-2---microblogging-ValeCHH.git/actions/secrets/public-key 404
[debug] [2022-03-02T09:50:40.442Z] <<< [apiv2][body] GET https://api.github.com/repos/israeltechchallenge/react-project-2---microblogging-ValeCHH.git/actions/secrets/public-key {"message":"Not Found","documentation_url":"https://docs.github.com/rest/reference/actions#get-a-repository-public-key"}
[debug] [2022-03-02T09:50:51.070Z] >>> [apiv2][query] GET https://api.github.com/repos/israeltechchallenge/react-project-2---microblogging-ValeCHH.git/actions/secrets/public-key type=owner
[debug] [2022-03-02T09:50:51.390Z] <<< [apiv2][status] GET https://api.github.com/repos/israeltechchallenge/react-project-2---microblogging-ValeCHH.git/actions/secrets/public-key 404
[debug] [2022-03-02T09:50:51.390Z] <<< [apiv2][body] GET https://api.github.com/repos/israeltechchallenge/react-project-2---microblogging-ValeCHH.git/actions/secrets/public-key {"message":"Not Found","documentation_url":"https://docs.github.com/rest/reference/actions#get-a-repository-public-key"}
[debug] [2022-03-02T09:51:01.943Z] >>> [apiv2][query] GET https://api.github.com/repos/israeltechchallenge/react-project-2---microblogging-ValeCHH.git/actions/secrets/public-key type=owner
[debug] [2022-03-02T09:51:02.288Z] <<< [apiv2][status] GET https://api.github.com/repos/israeltechchallenge/react-project-2---microblogging-ValeCHH.git/actions/secrets/public-key 404
[debug] [2022-03-02T09:51:02.288Z] <<< [apiv2][body] GET https://api.github.com/repos/israeltechchallenge/react-project-2---microblogging-ValeCHH.git/actions/secrets/public-key {"message":"Not Found","documentation_url":"https://docs.github.com/rest/reference/actions#get-a-repository-public-key"}
[debug] [2022-03-02T09:51:02.406Z] >>> [apiv2][query] GET https://api.github.com/repos/israeltechchallenge/react-project-2---microblogging-ValeCHH.git/actions/secrets/public-key type=owner
[debug] [2022-03-02T09:51:02.730Z] <<< [apiv2][status] GET https://api.github.com/repos/israeltechchallenge/react-project-2---microblogging-ValeCHH.git/actions/secrets/public-key 404
[debug] [2022-03-02T09:51:02.730Z] <<< [apiv2][body] GET https://api.github.com/repos/israeltechchallenge/react-project-2---microblogging-ValeCHH.git/actions/secrets/public-key {"message":"Not Found","documentation_url":"https://docs.github.com/rest/reference/actions#get-a-repository-public-key"}
[debug] [2022-03-02T09:51:25.951Z] >>> [apiv2][query] GET https://api.github.com/repos//actions/secrets/public-key type=owner
[debug] [2022-03-02T09:51:26.259Z] <<< [apiv2][status] GET https://api.github.com/repos//actions/secrets/public-key 404
[debug] [2022-03-02T09:51:26.259Z] <<< [apiv2][body] GET https://api.github.com/repos//actions/secrets/public-key {"message":"Not Found","documentation_url":"https://docs.github.com/rest"}
[debug] [2022-03-02T09:51:28.314Z] >>> [apiv2][query] GET https://api.github.com/repos/israeltechchallenge/react-project-2---microblogging-ValeCHH/actions/secrets/public-key type=owner
[debug] [2022-03-02T09:51:28.635Z] <<< [apiv2][status] GET https://api.github.com/repos/israeltechchallenge/react-project-2---microblogging-ValeCHH/actions/secrets/public-key 404
[debug] [2022-03-02T09:51:28.635Z] <<< [apiv2][body] GET https://api.github.com/repos/israeltechchallenge/react-project-2---microblogging-ValeCHH/actions/secrets/public-key {"message":"Not Found","documentation_url":"https://docs.github.com/rest/reference/actions#get-a-repository-public-key"}
[debug] [2022-03-02T09:51:40.505Z] >>> [apiv2][query] GET https://api.github.com/repos/israeltechchallenge/react-project-2---microblogging-ValeCHH/actions/secrets/public-key type=owner
[debug] [2022-03-02T09:51:40.841Z] <<< [apiv2][status] GET https://api.github.com/repos/israeltechchallenge/react-project-2---microblogging-ValeCHH/actions/secrets/public-key 404
[debug] [2022-03-02T09:51:40.841Z] <<< [apiv2][body] GET https://api.github.com/repos/israeltechchallenge/react-project-2---microblogging-ValeCHH/actions/secrets/public-key {"message":"Not Found","documentation_url":"https://docs.github.com/rest/reference/actions#get-a-repository-public-key"}
[debug] [2022-03-02T09:58:20.733Z] >>> [apiv2][query] GET https://api.github.com/repos/israeltechchallenge/react-project-2---microblogging-ValeCHH/actions/secrets/public-key type=owner
[debug] [2022-03-02T09:58:21.061Z] <<< [apiv2][status] GET https://api.github.com/repos/israeltechchallenge/react-project-2---microblogging-ValeCHH/actions/secrets/public-key 404
[debug] [2022-03-02T09:58:21.061Z] <<< [apiv2][body] GET https://api.github.com/repos/israeltechchallenge/react-project-2---microblogging-ValeCHH/actions/secrets/public-key {"message":"Not Found","documentation_url":"https://docs.github.com/rest/reference/actions#get-a-repository-public-key"}
[debug] [2022-03-02T09:58:21.207Z] >>> [apiv2][query] GET https://api.github.com/repos/israeltechchallenge/react-project-2---microblogging-ValeCHH/actions/secrets/public-key type=owner
[debug] [2022-03-02T09:58:21.413Z] >>> [apiv2][query] GET https://api.github.com/repos//actions/secrets/public-key type=owner
[debug] [2022-03-02T09:58:21.528Z] <<< [apiv2][status] GET https://api.github.com/repos/israeltechchallenge/react-project-2---microblogging-ValeCHH/actions/secrets/public-key 404
[debug] [2022-03-02T09:58:21.528Z] <<< [apiv2][body] GET https://api.github.com/repos/israeltechchallenge/react-project-2---microblogging-ValeCHH/actions/secrets/public-key {"message":"Not Found","documentation_url":"https://docs.github.com/rest/reference/actions#get-a-repository-public-key"}
[debug] [2022-03-02T09:58:21.722Z] <<< [apiv2][status] GET https://api.github.com/repos//actions/secrets/public-key 404
[debug] [2022-03-02T09:58:21.722Z] <<< [apiv2][body] GET https://api.github.com/repos//actions/secrets/public-key {"message":"Not Found","documentation_url":"https://docs.github.com/rest"}
[debug] [2022-03-02T09:59:46.963Z] >>> [apiv2][query] GET https://api.github.com/repos/israeltechchallenge/react-project-2---microblogging-ValeCHH/actions/secrets/public-key type=owner
[debug] [2022-03-02T09:59:47.287Z] <<< [apiv2][status] GET https://api.github.com/repos/israeltechchallenge/react-project-2---microblogging-ValeCHH/actions/secrets/public-key 404
[debug] [2022-03-02T09:59:47.287Z] <<< [apiv2][body] GET https://api.github.com/repos/israeltechchallenge/react-project-2---microblogging-ValeCHH/actions/secrets/public-key {"message":"Not Found","documentation_url":"https://docs.github.com/rest/reference/actions#get-a-repository-public-key"}
[debug] [2022-03-02T09:59:47.496Z] >>> [apiv2][query] GET https://api.github.com/repos/israeltechchallenge/react-project-2---microblogging-ValeCHH/actions/secrets/public-key type=owner
[debug] [2022-03-02T09:59:47.823Z] <<< [apiv2][status] GET https://api.github.com/repos/israeltechchallenge/react-project-2---microblogging-ValeCHH/actions/secrets/public-key 404
[debug] [2022-03-02T09:59:47.823Z] <<< [apiv2][body] GET https://api.github.com/repos/israeltechchallenge/react-project-2---microblogging-ValeCHH/actions/secrets/public-key {"message":"Not Found","documentation_url":"https://docs.github.com/rest/reference/actions#get-a-repository-public-key"}
